[18:50:38] [Client thread/INFO]: Setting user: Player219
[18:50:38] [Client thread/INFO]: (Session ID is token:0:Player219)
[18:50:40] [Client thread/INFO]: CXClient Version: 2.3
[18:50:40] [Client thread/INFO]: LWJGL Version: 2.9.4
[18:50:40] [Client thread/INFO]: Reloading ResourceManager: Default
[18:50:40] [Sound Library Loader/INFO]: Starting up SoundSystem...
[18:50:41] [Thread-6/INFO]: Initializing LWJGL OpenAL
[18:50:41] [Thread-6/INFO]: (The LWJGL binding of OpenAL.  For more information, see http://www.lwjgl.org)
[18:50:41] [Thread-6/INFO]: OpenAL initialized.
[18:50:41] [Sound Library Loader/INFO]: Sound engine started
[18:50:42] [Client thread/INFO]: Created: 512x512 textures-atlas
[18:50:49] [Server thread/INFO]: Starting integrated minecraft server version 1.8.8
[18:50:49] [Server thread/INFO]: Generating keypair
[18:50:49] [Server thread/INFO]: Preparing start region for level 0
[18:50:50] [Server thread/INFO]: Changing view distance to 12, from 10
[18:50:50] [Server thread/INFO]: Player219[local:E:6a7b1b0c] logged in with entity id 1019 at (531.7093191297724, 80.0, 186.52270440742106)
[18:50:50] [Server thread/INFO]: Player219 joined the game
[18:50:57] [Server thread/INFO]: <Player219> hi
[18:50:57] [Client thread/INFO]: [CHAT] <Player219> hi
[18:50:58] [Server thread/INFO]: <Player219> hi
[18:50:58] [Client thread/INFO]: [CHAT] <Player219> hi
[18:51:00] [Server thread/INFO]: <Player219> hi
[18:51:00] [Client thread/INFO]: [CHAT] <Player219> hi
[18:51:09] [Server thread/INFO]: [Player219: Set own game mode to Creative Mode]
[18:51:09] [Client thread/INFO]: [CHAT] Your game mode has been updated
[18:51:23] [Server thread/INFO]: Player219 has just earned the achievement [Taking Inventory]
[18:51:23] [Client thread/INFO]: [CHAT] Player219 has just earned the achievement [Taking Inventory]
[18:52:17] [Server thread/INFO]: <Player219> t
[18:52:17] [Client thread/INFO]: [CHAT] <Player219> t
[18:52:18] [Server thread/INFO]: <Player219> t
[18:52:18] [Client thread/INFO]: [CHAT] <Player219> t
[18:52:19] [Server thread/INFO]: <Player219> t
[18:52:19] [Client thread/INFO]: [CHAT] <Player219> t
[18:52:25] [Server thread/INFO]: Saving and pausing game...
[18:52:25] [Server thread/INFO]: Saving chunks for level 'mcpworld'/Overworld
[18:52:25] [Server thread/INFO]: Saving chunks for level 'mcpworld'/Nether
[18:52:25] [Server thread/INFO]: Saving chunks for level 'mcpworld'/The End
[18:53:45] [Server thread/INFO]: Saving and pausing game...
[18:53:45] [Server thread/INFO]: Saving chunks for level 'mcpworld'/Overworld
[18:53:45] [Server thread/INFO]: Saving chunks for level 'mcpworld'/Nether
[18:53:45] [Server thread/INFO]: Saving chunks for level 'mcpworld'/The End
[18:53:47] [Server thread/INFO]: Saving and pausing game...
[18:53:47] [Server thread/INFO]: Saving chunks for level 'mcpworld'/Overworld
[18:53:47] [Server thread/INFO]: Saving chunks for level 'mcpworld'/Nether
[18:53:47] [Server thread/INFO]: Saving chunks for level 'mcpworld'/The End
[18:54:59] [Server thread/INFO]: Saving and pausing game...
[18:54:59] [Server thread/INFO]: Saving chunks for level 'mcpworld'/Overworld
[18:54:59] [Server thread/INFO]: Saving chunks for level 'mcpworld'/Nether
[18:54:59] [Server thread/INFO]: Saving chunks for level 'mcpworld'/The End
[18:56:18] [Server thread/INFO]: Saving and pausing game...
[18:56:18] [Server thread/INFO]: Saving chunks for level 'mcpworld'/Overworld
[18:56:18] [Server thread/INFO]: Saving chunks for level 'mcpworld'/Nether
[18:56:18] [Server thread/INFO]: Saving chunks for level 'mcpworld'/The End
[18:57:52] [Server thread/INFO]: Saving and pausing game...
[18:57:52] [Server thread/INFO]: Saving chunks for level 'mcpworld'/Overworld
[18:57:52] [Server thread/INFO]: Saving chunks for level 'mcpworld'/Nether
[18:57:52] [Server thread/INFO]: Saving chunks for level 'mcpworld'/The End
[18:58:01] [Server thread/INFO]: Stopping server
[18:58:01] [Server thread/INFO]: Saving players
[18:58:01] [Server thread/INFO]: Saving worlds
[18:58:01] [Server thread/INFO]: Saving chunks for level 'mcpworld'/Overworld
[18:58:01] [Server thread/INFO]: Saving chunks for level 'mcpworld'/Nether
[18:58:01] [Server thread/INFO]: Saving chunks for level 'mcpworld'/The End
[18:58:02] [Client thread/INFO]: Stopping!
[18:58:02] [Client thread/INFO]: SoundSystem shutting down...
[18:58:02] [Client thread/WARN]: Author: Paul Lamb, www.paulscode.com
[16:49:31] [Client thread/INFO]: Setting user: Player188
[16:49:31] [Client thread/INFO]: (Session ID is token:0:Player188)
[16:49:31] [Client thread/INFO]: Setting user: Player740
[16:49:31] [Client thread/INFO]: (Session ID is token:0:Player740)
[16:49:32] [Client thread/INFO]: Setting user: Player225
[16:49:32] [Client thread/INFO]: (Session ID is token:0:Player225)
[16:49:33] [Client thread/INFO]: Setting user: Player964
[16:49:33] [Client thread/INFO]: (Session ID is token:0:Player964)
