20:36:15 - "scalac" is not found on the PATH.  Scala files will not be recompiled
20:41:04 - !! Missing server jar file. Aborting !!
21:39:20 - "scalac" is not found on the PATH.  Scala files will not be recompiled
21:39:41 - !! Can not find server sources, try decompiling !!
21:40:02 - "scalac" is not found on the PATH.  Scala files will not be recompiled
21:40:09 - !! Can not find server md5s !!
21:50:40 - "scalac" is not found on the PATH.  Scala files will not be recompiled
21:51:00 - !! Can not find server sources, try decompiling !!
21:51:37 - "scalac" is not found on the PATH.  Scala files will not be recompiled
21:51:41 - !! Can not find server md5s !!
22:03:14 - "scalac" is not found on the PATH.  Scala files will not be recompiled
22:03:19 - !! Can not find server md5s !!
22:14:17 - "scalac" is not found on the PATH.  Scala files will not be recompiled
22:14:32 - "scalac" is not found on the PATH.  Scala files will not be recompiled
22:14:37 - !! Can not find server md5s !!
22:15:40 - "scalac" is not found on the PATH.  Scala files will not be recompiled
22:15:57 - "scalac" is not found on the PATH.  Scala files will not be recompiled
22:15:58 - '"C:\Program Files\Java\jdk1.8.0_144\bin\java" -Xincgc -Xms1024M -Xmx1024M -cp "..\bin\minecraft;..\src\minecraft;..\jars\versions\1.8.8\1.8.8.jar;..\lib;..\lib\*;..\jars\libraries\net\java\jinput\jinput\2.0.5\jinput-2.0.5.jar;..\jars\libraries\org\lwjgl\lwjgl\lwjgl-platform\2.9.4-nightly-20150209\lwjgl-platform-2.9.4-nightly-20150209-natives-windows.jar;..\jars\libraries\com\ibm\icu\icu4j-core-mojang\51.2\icu4j-core-mojang-51.2.jar;..\jars\libraries\tv\twitch\twitch-external-platform\4.5\twitch-external-platform-4.5-natives-windows-64.jar;..\jars\libraries\org\apache\httpcomponents\httpcore\4.3.2\httpcore-4.3.2.jar;..\jars\libraries\org\apache\logging\log4j\log4j-api\2.0-beta9\log4j-api-2.0-beta9.jar;..\jars\libraries\org\apache\commons\commons-lang3\3.3.2\commons-lang3-3.3.2.jar;..\jars\libraries\net\java\dev\jna\jna\3.4.0\jna-3.4.0.jar;..\jars\libraries\com\paulscode\libraryjavasound\20101123\libraryjavasound-20101123.jar;..\jars\libraries\net\sf\jopt-simple\jopt-simple\4.6\jopt-simple-4.6.jar;..\jars\libraries\com\google\guava\guava\17.0\guava-17.0.jar;..\jars\libraries\oshi-project\oshi-core\1.1\oshi-core-1.1.jar;..\jars\libraries\org\apache\httpcomponents\httpclient\4.3.3\httpclient-4.3.3.jar;..\jars\libraries\org\apache\commons\commons-compress\1.8.1\commons-compress-1.8.1.jar;..\jars\libraries\net\java\dev\jna\platform\3.4.0\platform-3.4.0.jar;..\jars\libraries\com\paulscode\codecjorbis\20101023\codecjorbis-20101023.jar;..\jars\libraries\com\paulscode\soundsystem\20120107\soundsystem-20120107.jar;..\jars\libraries\com\paulscode\librarylwjglopenal\20100824\librarylwjglopenal-20100824.jar;..\jars\libraries\org\lwjgl\lwjgl\lwjgl_util\2.9.4-nightly-20150209\lwjgl_util-2.9.4-nightly-20150209.jar;..\jars\libraries\commons-codec\commons-codec\1.9\commons-codec-1.9.jar;..\jars\libraries\net\java\jutils\jutils\1.0.0\jutils-1.0.0.jar;..\jars\libraries\commons-logging\commons-logging\1.1.3\commons-logging-1.1.3.jar;..\jars\libraries\org\lwjgl\lwjgl\lwjgl\2.9.4-nightly-20150209\lwjgl-2.9.4-nightly-20150209.jar;..\jars\libraries\commons-io\commons-io\2.4\commons-io-2.4.jar;..\jars\libraries\com\mojang\realms\1.7.39\realms-1.7.39.jar;..\jars\libraries\com\mojang\authlib\1.5.21\authlib-1.5.21.jar;..\jars\libraries\com\google\code\gson\gson\2.2.4\gson-2.2.4.jar;..\jars\libraries\com\mojang\netty\1.6\netty-1.6.jar;..\jars\libraries\tv\twitch\twitch\6.5\twitch-6.5.jar;..\jars\libraries\com\paulscode\codecwav\20101023\codecwav-20101023.jar;..\jars\libraries\tv\twitch\twitch-platform\6.5\twitch-platform-6.5-natives-windows-64.jar;..\jars\libraries\net\java\jinput\jinput-platform\2.0.5\jinput-platform-2.0.5-natives-windows.jar;..\jars\libraries\org\apache\logging\log4j\log4j-core\2.0-beta9\log4j-core-2.0-beta9.jar;..\jars\libraries\io\netty\netty-all\4.0.23.Final\netty-all-4.0.23.Final.jar" -Djava.library.path=..\jars\versions\1.8.8\1.8.8-natives Start' failed : 1
22:15:58 - FATAL ERROR
Traceback (most recent call last):
  File "runtime\startclient.py", line 42, in startclient
  File "C:\Users\chrissicx\Desktop\cxclient\runtime\commands.py", line 1622, in startclient
    self.runmc(forkcmd)
  File "C:\Users\chrissicx\Desktop\cxclient\runtime\commands.py", line 1662, in runmc
    raise CalledProcessError(process.returncode, forkcmd, output)
CalledProcessError: Command '"C:\Program Files\Java\jdk1.8.0_144\bin\java" -Xincgc -Xms1024M -Xmx1024M -cp "..\bin\minecraft;..\src\minecraft;..\jars\versions\1.8.8\1.8.8.jar;..\lib;..\lib\*;..\jars\libraries\net\java\jinput\jinput\2.0.5\jinput-2.0.5.jar;..\jars\libraries\org\lwjgl\lwjgl\lwjgl-platform\2.9.4-nightly-20150209\lwjgl-platform-2.9.4-nightly-20150209-natives-windows.jar;..\jars\libraries\com\ibm\icu\icu4j-core-mojang\51.2\icu4j-core-mojang-51.2.jar;..\jars\libraries\tv\twitch\twitch-external-platform\4.5\twitch-external-platform-4.5-natives-windows-64.jar;..\jars\libraries\org\apache\httpcomponents\httpcore\4.3.2\httpcore-4.3.2.jar;..\jars\libraries\org\apache\logging\log4j\log4j-api\2.0-beta9\log4j-api-2.0-beta9.jar;..\jars\libraries\org\apache\commons\commons-lang3\3.3.2\commons-lang3-3.3.2.jar;..\jars\libraries\net\java\dev\jna\jna\3.4.0\jna-3.4.0.jar;..\jars\libraries\com\paulscode\libraryjavasound\20101123\libraryjavasound-20101123.jar;..\jars\libraries\net\sf\jopt-simple\jopt-simple\4.6\jopt-simple-4.6.jar;..\jars\libraries\com\google\guava\guava\17.0\guava-17.0.jar;..\jars\libraries\oshi-project\oshi-core\1.1\oshi-core-1.1.jar;..\jars\libraries\org\apache\httpcomponents\httpclient\4.3.3\httpclient-4.3.3.jar;..\jars\libraries\org\apache\commons\commons-compress\1.8.1\commons-compress-1.8.1.jar;..\jars\libraries\net\java\dev\jna\platform\3.4.0\platform-3.4.0.jar;..\jars\libraries\com\paulscode\codecjorbis\20101023\codecjorbis-20101023.jar;..\jars\libraries\com\paulscode\soundsystem\20120107\soundsystem-20120107.jar;..\jars\libraries\com\paulscode\librarylwjglopenal\20100824\librarylwjglopenal-20100824.jar;..\jars\libraries\org\lwjgl\lwjgl\lwjgl_util\2.9.4-nightly-20150209\lwjgl_util-2.9.4-nightly-20150209.jar;..\jars\libraries\commons-codec\commons-codec\1.9\commons-codec-1.9.jar;..\jars\libraries\net\java\jutils\jutils\1.0.0\jutils-1.0.0.jar;..\jars\libraries\commons-logging\commons-logging\1.1.3\commons-logging-1.1.3.jar;..\jars\libraries\org\lwjgl\lwjgl\lwjgl\2.9.4-nightly-20150209\lwjgl-2.9.4-nightly-20150209.jar;..\jars\libraries\commons-io\commons-io\2.4\commons-io-2.4.jar;..\jars\libraries\com\mojang\realms\1.7.39\realms-1.7.39.jar;..\jars\libraries\com\mojang\authlib\1.5.21\authlib-1.5.21.jar;..\jars\libraries\com\google\code\gson\gson\2.2.4\gson-2.2.4.jar;..\jars\libraries\com\mojang\netty\1.6\netty-1.6.jar;..\jars\libraries\tv\twitch\twitch\6.5\twitch-6.5.jar;..\jars\libraries\com\paulscode\codecwav\20101023\codecwav-20101023.jar;..\jars\libraries\tv\twitch\twitch-platform\6.5\twitch-platform-6.5-natives-windows-64.jar;..\jars\libraries\net\java\jinput\jinput-platform\2.0.5\jinput-platform-2.0.5-natives-windows.jar;..\jars\libraries\org\apache\logging\log4j\log4j-core\2.0-beta9\log4j-core-2.0-beta9.jar;..\jars\libraries\io\netty\netty-all\4.0.23.Final\netty-all-4.0.23.Final.jar" -Djava.library.path=..\jars\versions\1.8.8\1.8.8-natives Start' returned non-zero exit status 1
22:16:24 - "scalac" is not found on the PATH.  Scala files will not be recompiled
01:32:02 - "scalac" is not found on the PATH.  Scala files will not be recompiled
01:32:09 - '"C:\Program Files\Java\jdk1.8.0_144\bin\javac" -Xlint:-options -deprecation -g -source 1.6 -target 1.6 -classpath "jars\versions\1.8.8\1.8.8.jar;lib;lib\*;jars\libraries\net\java\jinput\jinput\2.0.5\jinput-2.0.5.jar;jars\libraries\org\lwjgl\lwjgl\lwjgl-platform\2.9.4-nightly-20150209\lwjgl-platform-2.9.4-nightly-20150209-natives-windows.jar;jars\libraries\com\ibm\icu\icu4j-core-mojang\51.2\icu4j-core-mojang-51.2.jar;jars\libraries\tv\twitch\twitch-external-platform\4.5\twitch-external-platform-4.5-natives-windows-64.jar;jars\libraries\org\apache\httpcomponents\httpcore\4.3.2\httpcore-4.3.2.jar;jars\libraries\org\apache\logging\log4j\log4j-api\2.0-beta9\log4j-api-2.0-beta9.jar;jars\libraries\org\apache\commons\commons-lang3\3.3.2\commons-lang3-3.3.2.jar;jars\libraries\net\java\dev\jna\jna\3.4.0\jna-3.4.0.jar;jars\libraries\com\paulscode\libraryjavasound\20101123\libraryjavasound-20101123.jar;jars\libraries\net\sf\jopt-simple\jopt-simple\4.6\jopt-simple-4.6.jar;jars\libraries\com\google\guava\guava\17.0\guava-17.0.jar;jars\libraries\oshi-project\oshi-core\1.1\oshi-core-1.1.jar;jars\libraries\org\apache\httpcomponents\httpclient\4.3.3\httpclient-4.3.3.jar;jars\libraries\org\apache\commons\commons-compress\1.8.1\commons-compress-1.8.1.jar;jars\libraries\net\java\dev\jna\platform\3.4.0\platform-3.4.0.jar;jars\libraries\com\paulscode\codecjorbis\20101023\codecjorbis-20101023.jar;jars\libraries\com\paulscode\soundsystem\20120107\soundsystem-20120107.jar;jars\libraries\com\paulscode\librarylwjglopenal\20100824\librarylwjglopenal-20100824.jar;jars\libraries\org\lwjgl\lwjgl\lwjgl_util\2.9.4-nightly-20150209\lwjgl_util-2.9.4-nightly-20150209.jar;jars\libraries\commons-codec\commons-codec\1.9\commons-codec-1.9.jar;jars\libraries\net\java\jutils\jutils\1.0.0\jutils-1.0.0.jar;jars\libraries\commons-logging\commons-logging\1.1.3\commons-logging-1.1.3.jar;jars\libraries\org\lwjgl\lwjgl\lwjgl\2.9.4-nightly-20150209\lwjgl-2.9.4-nightly-20150209.jar;jars\libraries\commons-io\commons-io\2.4\commons-io-2.4.jar;jars\libraries\com\mojang\realms\1.7.39\realms-1.7.39.jar;jars\libraries\com\mojang\authlib\1.5.21\authlib-1.5.21.jar;jars\libraries\com\google\code\gson\gson\2.2.4\gson-2.2.4.jar;jars\libraries\com\mojang\netty\1.6\netty-1.6.jar;jars\libraries\tv\twitch\twitch\6.5\twitch-6.5.jar;jars\libraries\com\paulscode\codecwav\20101023\codecwav-20101023.jar;jars\libraries\tv\twitch\twitch-platform\6.5\twitch-platform-6.5-natives-windows-64.jar;jars\libraries\net\java\jinput\jinput-platform\2.0.5\jinput-platform-2.0.5-natives-windows.jar;jars\libraries\org\apache\logging\log4j\log4j-core\2.0-beta9\log4j-core-2.0-beta9.jar;jars\libraries\io\netty\netty-all\4.0.23.Final\netty-all-4.0.23.Final.jar" -sourcepath src\minecraft -d bin\minecraft @temp\java_src_client.txt' failed : 1
01:32:09 - 
01:32:09 - == ERRORS FOUND in JAVA CODE ==
01:32:09 - 
01:32:09 - src\minecraft\net\minecraft\client\gui\GuiChat.java:5: error: cannot find symbol
01:32:09 - import de.chrissx.Client;
01:32:09 -                  ^
01:32:09 - 
01:32:09 -   symbol:   class Client
01:32:09 -   location: package de.chrissx
01:32:09 - 1 error
01:32:09 - ==================
01:32:09 - 
01:32:09 - !! Can not find server sources, try decompiling !!
01:33:07 - "scalac" is not found on the PATH.  Scala files will not be recompiled
01:33:28 - !! Can not find server sources, try decompiling !!
01:39:58 - "scalac" is not found on the PATH.  Scala files will not be recompiled
01:40:04 - !! Can not find server md5s !!
02:06:07 - "scalac" is not found on the PATH.  Scala files will not be recompiled
02:06:26 - !! Can not find server sources, try decompiling !!
02:06:32 - "scalac" is not found on the PATH.  Scala files will not be recompiled
02:06:38 - !! Can not find server md5s !!
02:19:02 - "scalac" is not found on the PATH.  Scala files will not be recompiled
02:19:23 - !! Can not find server sources, try decompiling !!
02:28:09 - "scalac" is not found on the PATH.  Scala files will not be recompiled
02:28:29 - !! Can not find server sources, try decompiling !!
02:28:43 - "scalac" is not found on the PATH.  Scala files will not be recompiled
02:28:49 - !! Can not find server md5s !!
02:33:12 - "scalac" is not found on the PATH.  Scala files will not be recompiled
02:33:20 - '"C:\Program Files\Java\jdk1.8.0_144\bin\javac" -Xlint:-options -deprecation -g -source 1.6 -target 1.6 -classpath "jars\versions\1.8.8\1.8.8.jar;lib;lib\*;jars\libraries\net\java\jinput\jinput\2.0.5\jinput-2.0.5.jar;jars\libraries\org\lwjgl\lwjgl\lwjgl-platform\2.9.4-nightly-20150209\lwjgl-platform-2.9.4-nightly-20150209-natives-windows.jar;jars\libraries\com\ibm\icu\icu4j-core-mojang\51.2\icu4j-core-mojang-51.2.jar;jars\libraries\tv\twitch\twitch-external-platform\4.5\twitch-external-platform-4.5-natives-windows-64.jar;jars\libraries\org\apache\httpcomponents\httpcore\4.3.2\httpcore-4.3.2.jar;jars\libraries\org\apache\logging\log4j\log4j-api\2.0-beta9\log4j-api-2.0-beta9.jar;jars\libraries\org\apache\commons\commons-lang3\3.3.2\commons-lang3-3.3.2.jar;jars\libraries\net\java\dev\jna\jna\3.4.0\jna-3.4.0.jar;jars\libraries\com\paulscode\libraryjavasound\20101123\libraryjavasound-20101123.jar;jars\libraries\net\sf\jopt-simple\jopt-simple\4.6\jopt-simple-4.6.jar;jars\libraries\com\google\guava\guava\17.0\guava-17.0.jar;jars\libraries\oshi-project\oshi-core\1.1\oshi-core-1.1.jar;jars\libraries\org\apache\httpcomponents\httpclient\4.3.3\httpclient-4.3.3.jar;jars\libraries\org\apache\commons\commons-compress\1.8.1\commons-compress-1.8.1.jar;jars\libraries\net\java\dev\jna\platform\3.4.0\platform-3.4.0.jar;jars\libraries\com\paulscode\codecjorbis\20101023\codecjorbis-20101023.jar;jars\libraries\com\paulscode\soundsystem\20120107\soundsystem-20120107.jar;jars\libraries\com\paulscode\librarylwjglopenal\20100824\librarylwjglopenal-20100824.jar;jars\libraries\org\lwjgl\lwjgl\lwjgl_util\2.9.4-nightly-20150209\lwjgl_util-2.9.4-nightly-20150209.jar;jars\libraries\commons-codec\commons-codec\1.9\commons-codec-1.9.jar;jars\libraries\net\java\jutils\jutils\1.0.0\jutils-1.0.0.jar;jars\libraries\commons-logging\commons-logging\1.1.3\commons-logging-1.1.3.jar;jars\libraries\org\lwjgl\lwjgl\lwjgl\2.9.4-nightly-20150209\lwjgl-2.9.4-nightly-20150209.jar;jars\libraries\commons-io\commons-io\2.4\commons-io-2.4.jar;jars\libraries\com\mojang\realms\1.7.39\realms-1.7.39.jar;jars\libraries\com\mojang\authlib\1.5.21\authlib-1.5.21.jar;jars\libraries\com\google\code\gson\gson\2.2.4\gson-2.2.4.jar;jars\libraries\com\mojang\netty\1.6\netty-1.6.jar;jars\libraries\tv\twitch\twitch\6.5\twitch-6.5.jar;jars\libraries\com\paulscode\codecwav\20101023\codecwav-20101023.jar;jars\libraries\tv\twitch\twitch-platform\6.5\twitch-platform-6.5-natives-windows-64.jar;jars\libraries\net\java\jinput\jinput-platform\2.0.5\jinput-platform-2.0.5-natives-windows.jar;jars\libraries\org\apache\logging\log4j\log4j-core\2.0-beta9\log4j-core-2.0-beta9.jar;jars\libraries\io\netty\netty-all\4.0.23.Final\netty-all-4.0.23.Final.jar" -sourcepath src\minecraft -d bin\minecraft @temp\java_src_client.txt' failed : 1
02:33:20 - 
02:33:20 - == ERRORS FOUND in JAVA CODE ==
02:33:20 - 
02:33:20 - src\minecraft\de\chrissx\HackedClient.java:29: error: incompatible types: possible lossy conversion from float to int
02:33:20 -     fr.drawString("§a§lCXClient v1.0", 5.0F, 5.0F, Color.WHITE.getRGB());
02:33:20 -                                        ^
02:33:20 - 
02:33:20 - 1 error
02:33:20 - ==================
02:33:20 - 
02:33:20 - !! Can not find server sources, try decompiling !!
02:34:18 - "scalac" is not found on the PATH.  Scala files will not be recompiled
02:34:39 - !! Can not find server sources, try decompiling !!
02:35:04 - "scalac" is not found on the PATH.  Scala files will not be recompiled
02:35:25 - !! Can not find server sources, try decompiling !!
02:45:32 - "scalac" is not found on the PATH.  Scala files will not be recompiled
02:45:52 - !! Can not find server sources, try decompiling !!
19:17:00 - "scalac" is not found on the PATH.  Scala files will not be recompiled
19:17:18 - '"C:\Program Files\Java\jdk1.8.0_144\bin\javac" -Xlint:-options -deprecation -g -source 1.6 -target 1.6 -classpath "jars\versions\1.8.8\1.8.8.jar;lib;lib\*;jars\libraries\net\java\jinput\jinput\2.0.5\jinput-2.0.5.jar;jars\libraries\org\lwjgl\lwjgl\lwjgl-platform\2.9.4-nightly-20150209\lwjgl-platform-2.9.4-nightly-20150209-natives-windows.jar;jars\libraries\com\ibm\icu\icu4j-core-mojang\51.2\icu4j-core-mojang-51.2.jar;jars\libraries\tv\twitch\twitch-external-platform\4.5\twitch-external-platform-4.5-natives-windows-64.jar;jars\libraries\org\apache\httpcomponents\httpcore\4.3.2\httpcore-4.3.2.jar;jars\libraries\org\apache\logging\log4j\log4j-api\2.0-beta9\log4j-api-2.0-beta9.jar;jars\libraries\org\apache\commons\commons-lang3\3.3.2\commons-lang3-3.3.2.jar;jars\libraries\net\java\dev\jna\jna\3.4.0\jna-3.4.0.jar;jars\libraries\com\paulscode\libraryjavasound\20101123\libraryjavasound-20101123.jar;jars\libraries\net\sf\jopt-simple\jopt-simple\4.6\jopt-simple-4.6.jar;jars\libraries\com\google\guava\guava\17.0\guava-17.0.jar;jars\libraries\oshi-project\oshi-core\1.1\oshi-core-1.1.jar;jars\libraries\org\apache\httpcomponents\httpclient\4.3.3\httpclient-4.3.3.jar;jars\libraries\org\apache\commons\commons-compress\1.8.1\commons-compress-1.8.1.jar;jars\libraries\net\java\dev\jna\platform\3.4.0\platform-3.4.0.jar;jars\libraries\com\paulscode\codecjorbis\20101023\codecjorbis-20101023.jar;jars\libraries\com\paulscode\soundsystem\20120107\soundsystem-20120107.jar;jars\libraries\com\paulscode\librarylwjglopenal\20100824\librarylwjglopenal-20100824.jar;jars\libraries\org\lwjgl\lwjgl\lwjgl_util\2.9.4-nightly-20150209\lwjgl_util-2.9.4-nightly-20150209.jar;jars\libraries\commons-codec\commons-codec\1.9\commons-codec-1.9.jar;jars\libraries\net\java\jutils\jutils\1.0.0\jutils-1.0.0.jar;jars\libraries\commons-logging\commons-logging\1.1.3\commons-logging-1.1.3.jar;jars\libraries\org\lwjgl\lwjgl\lwjgl\2.9.4-nightly-20150209\lwjgl-2.9.4-nightly-20150209.jar;jars\libraries\commons-io\commons-io\2.4\commons-io-2.4.jar;jars\libraries\com\mojang\realms\1.7.39\realms-1.7.39.jar;jars\libraries\com\mojang\authlib\1.5.21\authlib-1.5.21.jar;jars\libraries\com\google\code\gson\gson\2.2.4\gson-2.2.4.jar;jars\libraries\com\mojang\netty\1.6\netty-1.6.jar;jars\libraries\tv\twitch\twitch\6.5\twitch-6.5.jar;jars\libraries\com\paulscode\codecwav\20101023\codecwav-20101023.jar;jars\libraries\tv\twitch\twitch-platform\6.5\twitch-platform-6.5-natives-windows-64.jar;jars\libraries\net\java\jinput\jinput-platform\2.0.5\jinput-platform-2.0.5-natives-windows.jar;jars\libraries\org\apache\logging\log4j\log4j-core\2.0-beta9\log4j-core-2.0-beta9.jar;jars\libraries\io\netty\netty-all\4.0.23.Final\netty-all-4.0.23.Final.jar" -sourcepath src\minecraft -d bin\minecraft @temp\java_src_client.txt' failed : 1
19:17:18 - 
19:17:18 - == ERRORS FOUND in JAVA CODE ==
19:17:18 - 
19:17:18 - src\minecraft\de\chrissx\KillPotion.java:33: error: cannot find symbol
19:17:18 - 		    HackedClient.cheatItem(stack, 36);
19:17:18 - 		                ^
19:17:18 - 
19:17:18 -   symbol:   method cheatItem(ItemStack,int)
19:17:18 -   location: class HackedClient
19:17:18 - src\minecraft\de\chrissx\KillPotion.java:34: error: cannot find symbol
19:17:18 - 		    HackedClient.sendMessage("Killer-Potion created.");
19:17:18 - 		                ^
19:17:18 - 
19:17:18 -   symbol:   method sendMessage(String)
19:17:18 -   location: class HackedClient
19:17:18 - 2 errors
19:17:18 - ==================
19:17:18 - 
19:17:18 - !! Can not find server sources, try decompiling !!
19:18:20 - "scalac" is not found on the PATH.  Scala files will not be recompiled
19:18:40 - !! Can not find server sources, try decompiling !!
19:19:46 - "scalac" is not found on the PATH.  Scala files will not be recompiled
19:19:52 - !! Can not find server md5s !!
19:24:10 - "scalac" is not found on the PATH.  Scala files will not be recompiled
19:24:30 - !! Can not find server sources, try decompiling !!
19:26:45 - "scalac" is not found on the PATH.  Scala files will not be recompiled
19:27:05 - !! Can not find server sources, try decompiling !!
19:30:04 - "scalac" is not found on the PATH.  Scala files will not be recompiled
19:30:23 - !! Can not find server sources, try decompiling !!
19:58:38 - "scalac" is not found on the PATH.  Scala files will not be recompiled
19:58:58 - !! Can not find server sources, try decompiling !!
20:01:46 - "scalac" is not found on the PATH.  Scala files will not be recompiled
20:02:06 - !! Can not find server sources, try decompiling !!
20:10:39 - "scalac" is not found on the PATH.  Scala files will not be recompiled
20:11:00 - !! Can not find server sources, try decompiling !!
20:13:44 - "scalac" is not found on the PATH.  Scala files will not be recompiled
20:14:04 - !! Can not find server sources, try decompiling !!
20:16:09 - "scalac" is not found on the PATH.  Scala files will not be recompiled
20:16:28 - !! Can not find server sources, try decompiling !!
20:18:13 - "scalac" is not found on the PATH.  Scala files will not be recompiled
20:18:32 - !! Can not find server sources, try decompiling !!
20:38:47 - "scalac" is not found on the PATH.  Scala files will not be recompiled
20:39:08 - !! Can not find server sources, try decompiling !!
20:45:16 - "scalac" is not found on the PATH.  Scala files will not be recompiled
20:45:36 - !! Can not find server sources, try decompiling !!
19:39:06 - "scalac" is not found on the PATH.  Scala files will not be recompiled
19:39:09 - '"C:\Program Files\Java\jdk1.8.0_144\bin\javac" -Xlint:-options -deprecation -g -source 1.6 -target 1.6 -classpath "jars\versions\1.8.8\1.8.8.jar;lib;lib\*;jars\libraries\net\java\jinput\jinput\2.0.5\jinput-2.0.5.jar;jars\libraries\org\lwjgl\lwjgl\lwjgl-platform\2.9.4-nightly-20150209\lwjgl-platform-2.9.4-nightly-20150209-natives-windows.jar;jars\libraries\com\ibm\icu\icu4j-core-mojang\51.2\icu4j-core-mojang-51.2.jar;jars\libraries\tv\twitch\twitch-external-platform\4.5\twitch-external-platform-4.5-natives-windows-64.jar;jars\libraries\org\apache\httpcomponents\httpcore\4.3.2\httpcore-4.3.2.jar;jars\libraries\org\apache\logging\log4j\log4j-api\2.0-beta9\log4j-api-2.0-beta9.jar;jars\libraries\org\apache\commons\commons-lang3\3.3.2\commons-lang3-3.3.2.jar;jars\libraries\net\java\dev\jna\jna\3.4.0\jna-3.4.0.jar;jars\libraries\com\paulscode\libraryjavasound\20101123\libraryjavasound-20101123.jar;jars\libraries\net\sf\jopt-simple\jopt-simple\4.6\jopt-simple-4.6.jar;jars\libraries\com\google\guava\guava\17.0\guava-17.0.jar;jars\libraries\oshi-project\oshi-core\1.1\oshi-core-1.1.jar;jars\libraries\org\apache\httpcomponents\httpclient\4.3.3\httpclient-4.3.3.jar;jars\libraries\org\apache\commons\commons-compress\1.8.1\commons-compress-1.8.1.jar;jars\libraries\net\java\dev\jna\platform\3.4.0\platform-3.4.0.jar;jars\libraries\com\paulscode\codecjorbis\20101023\codecjorbis-20101023.jar;jars\libraries\com\paulscode\soundsystem\20120107\soundsystem-20120107.jar;jars\libraries\com\paulscode\librarylwjglopenal\20100824\librarylwjglopenal-20100824.jar;jars\libraries\org\lwjgl\lwjgl\lwjgl_util\2.9.4-nightly-20150209\lwjgl_util-2.9.4-nightly-20150209.jar;jars\libraries\commons-codec\commons-codec\1.9\commons-codec-1.9.jar;jars\libraries\net\java\jutils\jutils\1.0.0\jutils-1.0.0.jar;jars\libraries\commons-logging\commons-logging\1.1.3\commons-logging-1.1.3.jar;jars\libraries\org\lwjgl\lwjgl\lwjgl\2.9.4-nightly-20150209\lwjgl-2.9.4-nightly-20150209.jar;jars\libraries\commons-io\commons-io\2.4\commons-io-2.4.jar;jars\libraries\com\mojang\realms\1.7.39\realms-1.7.39.jar;jars\libraries\com\mojang\authlib\1.5.21\authlib-1.5.21.jar;jars\libraries\com\google\code\gson\gson\2.2.4\gson-2.2.4.jar;jars\libraries\com\mojang\netty\1.6\netty-1.6.jar;jars\libraries\tv\twitch\twitch\6.5\twitch-6.5.jar;jars\libraries\com\paulscode\codecwav\20101023\codecwav-20101023.jar;jars\libraries\tv\twitch\twitch-platform\6.5\twitch-platform-6.5-natives-windows-64.jar;jars\libraries\net\java\jinput\jinput-platform\2.0.5\jinput-platform-2.0.5-natives-windows.jar;jars\libraries\org\apache\logging\log4j\log4j-core\2.0-beta9\log4j-core-2.0-beta9.jar;jars\libraries\io\netty\netty-all\4.0.23.Final\netty-all-4.0.23.Final.jar" -sourcepath src\minecraft -d bin\minecraft @temp\java_src_client.txt' failed : 1
19:39:09 - 
19:39:09 - == ERRORS FOUND in JAVA CODE ==
19:39:09 - 
19:39:09 - src\minecraft\de\chrissx\Util.java:78: error: lambda expressions are not supported in -source 1.6
19:39:09 - 		  HackedClient.instance.nicks.forEach((name, nick) -> {
19:39:09 - 		                                                   ^
19:39:09 - 
19:39:09 -   (use -source 8 or higher to enable lambda expressions)
19:39:09 - 1 error
19:39:09 - ==================
19:39:09 - 
19:39:09 - !! Can not find server sources, try decompiling !!
19:39:54 - "scalac" is not found on the PATH.  Scala files will not be recompiled
19:39:56 - '"C:\Program Files\Java\jdk1.8.0_144\bin\javac" -Xlint:-options -deprecation -g -source 1.6 -target 1.6 -classpath "jars\versions\1.8.8\1.8.8.jar;lib;lib\*;jars\libraries\net\java\jinput\jinput\2.0.5\jinput-2.0.5.jar;jars\libraries\org\lwjgl\lwjgl\lwjgl-platform\2.9.4-nightly-20150209\lwjgl-platform-2.9.4-nightly-20150209-natives-windows.jar;jars\libraries\com\ibm\icu\icu4j-core-mojang\51.2\icu4j-core-mojang-51.2.jar;jars\libraries\tv\twitch\twitch-external-platform\4.5\twitch-external-platform-4.5-natives-windows-64.jar;jars\libraries\org\apache\httpcomponents\httpcore\4.3.2\httpcore-4.3.2.jar;jars\libraries\org\apache\logging\log4j\log4j-api\2.0-beta9\log4j-api-2.0-beta9.jar;jars\libraries\org\apache\commons\commons-lang3\3.3.2\commons-lang3-3.3.2.jar;jars\libraries\net\java\dev\jna\jna\3.4.0\jna-3.4.0.jar;jars\libraries\com\paulscode\libraryjavasound\20101123\libraryjavasound-20101123.jar;jars\libraries\net\sf\jopt-simple\jopt-simple\4.6\jopt-simple-4.6.jar;jars\libraries\com\google\guava\guava\17.0\guava-17.0.jar;jars\libraries\oshi-project\oshi-core\1.1\oshi-core-1.1.jar;jars\libraries\org\apache\httpcomponents\httpclient\4.3.3\httpclient-4.3.3.jar;jars\libraries\org\apache\commons\commons-compress\1.8.1\commons-compress-1.8.1.jar;jars\libraries\net\java\dev\jna\platform\3.4.0\platform-3.4.0.jar;jars\libraries\com\paulscode\codecjorbis\20101023\codecjorbis-20101023.jar;jars\libraries\com\paulscode\soundsystem\20120107\soundsystem-20120107.jar;jars\libraries\com\paulscode\librarylwjglopenal\20100824\librarylwjglopenal-20100824.jar;jars\libraries\org\lwjgl\lwjgl\lwjgl_util\2.9.4-nightly-20150209\lwjgl_util-2.9.4-nightly-20150209.jar;jars\libraries\commons-codec\commons-codec\1.9\commons-codec-1.9.jar;jars\libraries\net\java\jutils\jutils\1.0.0\jutils-1.0.0.jar;jars\libraries\commons-logging\commons-logging\1.1.3\commons-logging-1.1.3.jar;jars\libraries\org\lwjgl\lwjgl\lwjgl\2.9.4-nightly-20150209\lwjgl-2.9.4-nightly-20150209.jar;jars\libraries\commons-io\commons-io\2.4\commons-io-2.4.jar;jars\libraries\com\mojang\realms\1.7.39\realms-1.7.39.jar;jars\libraries\com\mojang\authlib\1.5.21\authlib-1.5.21.jar;jars\libraries\com\google\code\gson\gson\2.2.4\gson-2.2.4.jar;jars\libraries\com\mojang\netty\1.6\netty-1.6.jar;jars\libraries\tv\twitch\twitch\6.5\twitch-6.5.jar;jars\libraries\com\paulscode\codecwav\20101023\codecwav-20101023.jar;jars\libraries\tv\twitch\twitch-platform\6.5\twitch-platform-6.5-natives-windows-64.jar;jars\libraries\net\java\jinput\jinput-platform\2.0.5\jinput-platform-2.0.5-natives-windows.jar;jars\libraries\org\apache\logging\log4j\log4j-core\2.0-beta9\log4j-core-2.0-beta9.jar;jars\libraries\io\netty\netty-all\4.0.23.Final\netty-all-4.0.23.Final.jar" -sourcepath src\minecraft -d bin\minecraft @temp\java_src_client.txt' failed : 1
19:39:56 - 
19:39:56 - == ERRORS FOUND in JAVA CODE ==
19:39:56 - 
19:39:56 - src\minecraft\de\chrissx\Util.java:78: error: lambda expressions are not supported in -source 1.6
19:39:56 - 		  HackedClient.instance.nicks.forEach((name, nick) -> {
19:39:56 - 		                                                   ^
19:39:56 - 
19:39:56 -   (use -source 8 or higher to enable lambda expressions)
19:39:56 - 1 error
19:39:56 - ==================
19:39:56 - 
19:39:56 - !! Can not find server sources, try decompiling !!
19:44:49 - "scalac" is not found on the PATH.  Scala files will not be recompiled
19:45:10 - !! Can not find server sources, try decompiling !!
19:47:26 - "scalac" is not found on the PATH.  Scala files will not be recompiled
19:47:58 - !! Can not find server md5s !!
20:31:48 - "scalac" is not found on the PATH.  Scala files will not be recompiled
20:32:09 - !! Can not find server sources, try decompiling !!
20:48:38 - "scalac" is not found on the PATH.  Scala files will not be recompiled
20:48:59 - !! Can not find server sources, try decompiling !!
22:44:18 - "scalac" is not found on the PATH.  Scala files will not be recompiled
22:44:47 - !! Can not find server sources, try decompiling !!
22:45:52 - "scalac" is not found on the PATH.  Scala files will not be recompiled
22:46:26 - !! Can not find server md5s !!
23:05:11 - "scalac" is not found on the PATH.  Scala files will not be recompiled
23:06:00 - "scalac" is not found on the PATH.  Scala files will not be recompiled
23:06:20 - !! Can not find server sources, try decompiling !!
23:06:43 - "scalac" is not found on the PATH.  Scala files will not be recompiled
23:06:49 - !! Can not find server md5s !!
00:05:31 - "scalac" is not found on the PATH.  Scala files will not be recompiled
00:05:47 - !! Can not find server md5s !!
00:26:21 - "scalac" is not found on the PATH.  Scala files will not be recompiled
00:26:50 - !! Can not find server sources, try decompiling !!
00:27:08 - "scalac" is not found on the PATH.  Scala files will not be recompiled
00:27:14 - !! Can not find server md5s !!
00:45:22 - "scalac" is not found on the PATH.  Scala files will not be recompiled
00:45:27 - !! Can not find server md5s !!
15:08:23 - "scalac" is not found on the PATH.  Scala files will not be recompiled
15:08:39 - !! Can not find server md5s !!
15:10:30 - "scalac" is not found on the PATH.  Scala files will not be recompiled
15:10:58 - !! Can not find server sources, try decompiling !!
15:11:03 - "scalac" is not found on the PATH.  Scala files will not be recompiled
15:11:08 - !! Can not find server md5s !!
16:13:52 - "scalac" is not found on the PATH.  Scala files will not be recompiled
16:14:16 - !! Can not find server sources, try decompiling !!
16:15:09 - "scalac" is not found on the PATH.  Scala files will not be recompiled
16:15:16 - !! Can not find server md5s !!
16:59:01 - "scalac" is not found on the PATH.  Scala files will not be recompiled
16:59:21 - !! Can not find server sources, try decompiling !!
17:06:54 - "scalac" is not found on the PATH.  Scala files will not be recompiled
17:07:14 - !! Can not find server sources, try decompiling !!
17:09:31 - "scalac" is not found on the PATH.  Scala files will not be recompiled
17:09:51 - !! Can not find server sources, try decompiling !!
17:28:55 - "scalac" is not found on the PATH.  Scala files will not be recompiled
17:29:15 - !! Can not find server sources, try decompiling !!
17:40:53 - "scalac" is not found on the PATH.  Scala files will not be recompiled
17:41:13 - !! Can not find server sources, try decompiling !!
17:59:39 - "scalac" is not found on the PATH.  Scala files will not be recompiled
18:00:00 - !! Can not find server sources, try decompiling !!
18:10:01 - "scalac" is not found on the PATH.  Scala files will not be recompiled
18:10:23 - !! Can not find server sources, try decompiling !!
18:39:11 - "scalac" is not found on the PATH.  Scala files will not be recompiled
18:39:31 - !! Can not find server sources, try decompiling !!
18:42:08 - "scalac" is not found on the PATH.  Scala files will not be recompiled
18:42:28 - !! Can not find server sources, try decompiling !!
19:21:51 - "scalac" is not found on the PATH.  Scala files will not be recompiled
19:22:12 - !! Can not find server sources, try decompiling !!
22:37:56 - "scalac" is not found on the PATH.  Scala files will not be recompiled
22:38:24 - !! Can not find server sources, try decompiling !!
22:50:40 - "scalac" is not found on the PATH.  Scala files will not be recompiled
22:51:02 - !! Can not find server sources, try decompiling !!
23:24:12 - "scalac" is not found on the PATH.  Scala files will not be recompiled
23:24:34 - !! Can not find server sources, try decompiling !!
15:53:27 - "scalac" is not found on the PATH.  Scala files will not be recompiled
15:53:49 - !! Can not find server sources, try decompiling !!
15:54:09 - "scalac" is not found on the PATH.  Scala files will not be recompiled
15:54:16 - !! Can not find server md5s !!
19:59:26 - "scalac" is not found on the PATH.  Scala files will not be recompiled
19:59:46 - !! Can not find server sources, try decompiling !!
20:24:25 - "scalac" is not found on the PATH.  Scala files will not be recompiled
20:24:44 - !! Can not find server sources, try decompiling !!
23:17:13 - "scalac" is not found on the PATH.  Scala files will not be recompiled
23:17:39 - !! Can not find server sources, try decompiling !!
17:07:51 - "scalac" is not found on the PATH.  Scala files will not be recompiled
17:08:16 - !! Can not find server sources, try decompiling !!
17:22:12 - "scalac" is not found on the PATH.  Scala files will not be recompiled
17:22:32 - !! Can not find server sources, try decompiling !!
17:40:03 - "scalac" is not found on the PATH.  Scala files will not be recompiled
17:40:23 - !! Can not find server sources, try decompiling !!
17:40:55 - "scalac" is not found on the PATH.  Scala files will not be recompiled
17:41:02 - !! Can not find server md5s !!
22:18:09 - "scalac" is not found on the PATH.  Scala files will not be recompiled
22:18:38 - !! Can not find server sources, try decompiling !!
01:29:19 - "scalac" is not found on the PATH.  Scala files will not be recompiled
01:29:48 - !! Can not find server sources, try decompiling !!
21:43:50 - "scalac" is not found on the PATH.  Scala files will not be recompiled
21:44:25 - !! Can not find server sources, try decompiling !!
17:10:56 - "scalac" is not found on the PATH.  Scala files will not be recompiled
17:16:49 - !! Missing server jar file. Aborting !!
